/root/code/ros2_ws/install/GSImageSampler/lib/python3.10/site-packages/GSImageSampler/4_sampler.py
/root/code/ros2_ws/install/GSImageSampler/lib/python3.10/site-packages/GSImageSampler/kimm_sampler.py
/root/code/ros2_ws/install/GSImageSampler/lib/python3.10/site-packages/GSImageSampler/__init__.py
/root/code/ros2_ws/install/GSImageSampler/lib/python3.10/site-packages/GSImageSampler/sampler.py
/root/code/ros2_ws/install/GSImageSampler/lib/python3.10/site-packages/GSImageSampler/__pycache__/4_sampler.cpython-310.pyc
/root/code/ros2_ws/install/GSImageSampler/lib/python3.10/site-packages/GSImageSampler/__pycache__/kimm_sampler.cpython-310.pyc
/root/code/ros2_ws/install/GSImageSampler/lib/python3.10/site-packages/GSImageSampler/__pycache__/__init__.cpython-310.pyc
/root/code/ros2_ws/install/GSImageSampler/lib/python3.10/site-packages/GSImageSampler/__pycache__/sampler.cpython-310.pyc
/root/code/ros2_ws/install/GSImageSampler/share/ament_index/resource_index/packages/GSImageSampler
/root/code/ros2_ws/install/GSImageSampler/share/GSImageSampler/package.xml
/root/code/ros2_ws/install/GSImageSampler/share/GSImageSampler/config/front_down_calib.json
/root/code/ros2_ws/install/GSImageSampler/share/GSImageSampler/config/left_calib.json
/root/code/ros2_ws/install/GSImageSampler/share/GSImageSampler/config/back_calib.json
/root/code/ros2_ws/install/GSImageSampler/share/GSImageSampler/config/TF.txt
/root/code/ros2_ws/install/GSImageSampler/share/GSImageSampler/config/right_calib.json
/root/code/ros2_ws/install/GSImageSampler/share/GSImageSampler/config/front_up_calib.json
/root/code/ros2_ws/install/GSImageSampler/lib/python3.10/site-packages/GSImageSampler-0.0.1-py3.10.egg-info/dependency_links.txt
/root/code/ros2_ws/install/GSImageSampler/lib/python3.10/site-packages/GSImageSampler-0.0.1-py3.10.egg-info/requires.txt
/root/code/ros2_ws/install/GSImageSampler/lib/python3.10/site-packages/GSImageSampler-0.0.1-py3.10.egg-info/PKG-INFO
/root/code/ros2_ws/install/GSImageSampler/lib/python3.10/site-packages/GSImageSampler-0.0.1-py3.10.egg-info/SOURCES.txt
/root/code/ros2_ws/install/GSImageSampler/lib/python3.10/site-packages/GSImageSampler-0.0.1-py3.10.egg-info/zip-safe
/root/code/ros2_ws/install/GSImageSampler/lib/python3.10/site-packages/GSImageSampler-0.0.1-py3.10.egg-info/entry_points.txt
/root/code/ros2_ws/install/GSImageSampler/lib/python3.10/site-packages/GSImageSampler-0.0.1-py3.10.egg-info/top_level.txt
/root/code/ros2_ws/install/GSImageSampler/lib/GSImageSampler/kimm_sampler
/root/code/ros2_ws/install/GSImageSampler/lib/GSImageSampler/sampler
