[0.055s] [34mcolcon[0m [1;30mDEBUG[0m [32mCommand line arguments: ['/root/code/.pixi/envs/ros/bin/colcon', 'build'][0m
[0.055s] [34mcolcon[0m [1;30mDEBUG[0m [32mParsed command line arguments: Namespace(log_base=None, log_level=None, verb_name='build', build_base='build', install_base='install', merge_install=False, symlink_install=False, test_result_base=None, continue_on_error=False, executor='sequential', event_handlers=None, base_paths=['.'], paths=None, cmake_args=None, cmake_target=None, cmake_target_skip_unavailable=False, cmake_clean_cache=False, cmake_clean_first=False, cmake_force_configure=False, ament_cmake_args=None, catkin_cmake_args=None, catkin_skip_building_tests=False, verb_parser=CustomArgumentParser(prog='colcon build', usage=None, description='Build a set of packages.', formatter_class=<class 'colcon_core.command.CustomFormatter'>, conflict_handler='error', add_help=True), verb_extension=<colcon_core.verb.build.BuildVerb object at 0x7159ff223ac0>, main=<bound method BuildVerb.main of <colcon_core.verb.build.BuildVerb object at 0x7159ff223ac0>>)[0m
[0.127s] [34mcolcon.colcon_core.package_discovery[0m [1;30mLevel 1[0m discover_packages(recursive) check parameters
[0.127s] [34mcolcon.colcon_core.package_discovery[0m [1;30mLevel 1[0m discover_packages(path) check parameters
[0.127s] [34mcolcon.colcon_core.package_discovery[0m [1;30mLevel 1[0m discover_packages(recursive) discover
[0.128s] [34mcolcon.colcon_core.package_discovery[0m [1;30mINFO[0m Crawling recursively for packages in '/root/code/ros2_ws'
[0.128s] [34mcolcon.colcon_core.package_identification[0m [1;30mLevel 1[0m _identify(.) by extensions ['ignore', 'ignore_ament_install']
[0.128s] [34mcolcon.colcon_core.package_identification[0m [1;30mLevel 1[0m _identify(.) by extension 'ignore'
[0.128s] [34mcolcon.colcon_core.package_identification[0m [1;30mLevel 1[0m _identify(.) by extension 'ignore_ament_install'
[0.128s] [34mcolcon.colcon_core.package_identification[0m [1;30mLevel 1[0m _identify(.) by extensions ['ros']
[0.128s] [34mcolcon.colcon_core.package_identification[0m [1;30mLevel 1[0m _identify(.) by extension 'ros'
[0.141s] [34mcolcon.colcon_core.package_identification[0m [1;30mLevel 1[0m _identify(.) by extensions ['cmake', 'python']
[0.141s] [34mcolcon.colcon_core.package_identification[0m [1;30mLevel 1[0m _identify(.) by extension 'cmake'
[0.141s] [34mcolcon.colcon_core.package_identification[0m [1;30mLevel 1[0m _identify(.) by extension 'python'
[0.141s] [34mcolcon.colcon_core.package_identification[0m [1;30mLevel 1[0m _identify(.) by extensions ['python_setup_py']
[0.141s] [34mcolcon.colcon_core.package_identification[0m [1;30mLevel 1[0m _identify(.) by extension 'python_setup_py'
[0.141s] [34mcolcon.colcon_core.package_identification[0m [1;30mLevel 1[0m _identify(build) by extensions ['ignore', 'ignore_ament_install']
[0.141s] [34mcolcon.colcon_core.package_identification[0m [1;30mLevel 1[0m _identify(build) by extension 'ignore'
[0.141s] [34mcolcon.colcon_core.package_identification[0m [1;30mLevel 1[0m _identify(build) ignored
[0.142s] [34mcolcon.colcon_core.package_identification[0m [1;30mLevel 1[0m _identify(install) by extensions ['ignore', 'ignore_ament_install']
[0.142s] [34mcolcon.colcon_core.package_identification[0m [1;30mLevel 1[0m _identify(install) by extension 'ignore'
[0.142s] [34mcolcon.colcon_core.package_identification[0m [1;30mLevel 1[0m _identify(install) ignored
[0.142s] [34mcolcon.colcon_core.package_identification[0m [1;30mLevel 1[0m _identify(log) by extensions ['ignore', 'ignore_ament_install']
[0.142s] [34mcolcon.colcon_core.package_identification[0m [1;30mLevel 1[0m _identify(log) by extension 'ignore'
[0.142s] [34mcolcon.colcon_core.package_identification[0m [1;30mLevel 1[0m _identify(log) ignored
[0.142s] [34mcolcon.colcon_core.package_identification[0m [1;30mLevel 1[0m _identify(src) by extensions ['ignore', 'ignore_ament_install']
[0.142s] [34mcolcon.colcon_core.package_identification[0m [1;30mLevel 1[0m _identify(src) by extension 'ignore'
[0.142s] [34mcolcon.colcon_core.package_identification[0m [1;30mLevel 1[0m _identify(src) by extension 'ignore_ament_install'
[0.142s] [34mcolcon.colcon_core.package_identification[0m [1;30mLevel 1[0m _identify(src) by extensions ['ros']
[0.142s] [34mcolcon.colcon_core.package_identification[0m [1;30mLevel 1[0m _identify(src) by extension 'ros'
[0.142s] [34mcolcon.colcon_core.package_identification[0m [1;30mLevel 1[0m _identify(src) by extensions ['cmake', 'python']
[0.142s] [34mcolcon.colcon_core.package_identification[0m [1;30mLevel 1[0m _identify(src) by extension 'cmake'
[0.142s] [34mcolcon.colcon_core.package_identification[0m [1;30mLevel 1[0m _identify(src) by extension 'python'
[0.142s] [34mcolcon.colcon_core.package_identification[0m [1;30mLevel 1[0m _identify(src) by extensions ['python_setup_py']
[0.142s] [34mcolcon.colcon_core.package_identification[0m [1;30mLevel 1[0m _identify(src) by extension 'python_setup_py'
[0.142s] [34mcolcon.colcon_core.package_identification[0m [1;30mLevel 1[0m _identify(src/GSImageSampler) by extensions ['ignore', 'ignore_ament_install']
[0.142s] [34mcolcon.colcon_core.package_identification[0m [1;30mLevel 1[0m _identify(src/GSImageSampler) by extension 'ignore'
[0.142s] [34mcolcon.colcon_core.package_identification[0m [1;30mLevel 1[0m _identify(src/GSImageSampler) by extension 'ignore_ament_install'
[0.142s] [34mcolcon.colcon_core.package_identification[0m [1;30mLevel 1[0m _identify(src/GSImageSampler) by extensions ['ros']
[0.142s] [34mcolcon.colcon_core.package_identification[0m [1;30mLevel 1[0m _identify(src/GSImageSampler) by extension 'ros'
[0.144s] [34mcolcon.colcon_core.package_identification[0m [1;30mDEBUG[0m [32mPackage 'src/GSImageSampler' with type 'ros.ament_python' and name 'GSImageSampler'[0m
[0.144s] [34mcolcon.colcon_core.package_identification[0m [1;30mLevel 1[0m _identify(src/LIO-SAM-ROS2-REFACTORING) by extensions ['ignore', 'ignore_ament_install']
[0.144s] [34mcolcon.colcon_core.package_identification[0m [1;30mLevel 1[0m _identify(src/LIO-SAM-ROS2-REFACTORING) by extension 'ignore'
[0.144s] [34mcolcon.colcon_core.package_identification[0m [1;30mLevel 1[0m _identify(src/LIO-SAM-ROS2-REFACTORING) by extension 'ignore_ament_install'
[0.144s] [34mcolcon.colcon_core.package_identification[0m [1;30mLevel 1[0m _identify(src/LIO-SAM-ROS2-REFACTORING) by extensions ['ros']
[0.144s] [34mcolcon.colcon_core.package_identification[0m [1;30mLevel 1[0m _identify(src/LIO-SAM-ROS2-REFACTORING) by extension 'ros'
[0.145s] [34mcolcon.colcon_core.package_identification[0m [1;30mDEBUG[0m [32mPackage 'src/LIO-SAM-ROS2-REFACTORING' with type 'ros.ament_cmake' and name 'lio_sam'[0m
[0.145s] [34mcolcon.colcon_core.package_discovery[0m [1;30mLevel 1[0m discover_packages(recursive) using defaults
[0.145s] [34mcolcon.colcon_core.package_discovery[0m [1;30mLevel 1[0m discover_packages(path) discover
[0.145s] [34mcolcon.colcon_core.package_discovery[0m [1;30mLevel 1[0m discover_packages(path) using defaults
[0.166s] [34mcolcon.colcon_core.verb[0m [1;30mLevel 5[0m set package 'GSImageSampler' build argument 'cmake_args' from command line to 'None'
[0.166s] [34mcolcon.colcon_core.verb[0m [1;30mLevel 5[0m set package 'GSImageSampler' build argument 'cmake_target' from command line to 'None'
[0.166s] [34mcolcon.colcon_core.verb[0m [1;30mLevel 5[0m set package 'GSImageSampler' build argument 'cmake_target_skip_unavailable' from command line to 'False'
[0.166s] [34mcolcon.colcon_core.verb[0m [1;30mLevel 5[0m set package 'GSImageSampler' build argument 'cmake_clean_cache' from command line to 'False'
[0.166s] [34mcolcon.colcon_core.verb[0m [1;30mLevel 5[0m set package 'GSImageSampler' build argument 'cmake_clean_first' from command line to 'False'
[0.166s] [34mcolcon.colcon_core.verb[0m [1;30mLevel 5[0m set package 'GSImageSampler' build argument 'cmake_force_configure' from command line to 'False'
[0.166s] [34mcolcon.colcon_core.verb[0m [1;30mLevel 5[0m set package 'GSImageSampler' build argument 'ament_cmake_args' from command line to 'None'
[0.166s] [34mcolcon.colcon_core.verb[0m [1;30mLevel 5[0m set package 'GSImageSampler' build argument 'catkin_cmake_args' from command line to 'None'
[0.166s] [34mcolcon.colcon_core.verb[0m [1;30mLevel 5[0m set package 'GSImageSampler' build argument 'catkin_skip_building_tests' from command line to 'False'
[0.166s] [34mcolcon.colcon_core.verb[0m [1;30mDEBUG[0m [32mBuilding package 'GSImageSampler' with the following arguments: {'ament_cmake_args': None, 'build_base': '/root/code/ros2_ws/build/GSImageSampler', 'catkin_cmake_args': None, 'catkin_skip_building_tests': False, 'cmake_args': None, 'cmake_clean_cache': False, 'cmake_clean_first': False, 'cmake_force_configure': False, 'cmake_target': None, 'cmake_target_skip_unavailable': False, 'install_base': '/root/code/ros2_ws/install/GSImageSampler', 'merge_install': False, 'path': '/root/code/ros2_ws/src/GSImageSampler', 'symlink_install': False, 'test_result_base': None}[0m
[0.166s] [34mcolcon.colcon_core.verb[0m [1;30mLevel 5[0m set package 'lio_sam' build argument 'cmake_args' from command line to 'None'
[0.166s] [34mcolcon.colcon_core.verb[0m [1;30mLevel 5[0m set package 'lio_sam' build argument 'cmake_target' from command line to 'None'
[0.166s] [34mcolcon.colcon_core.verb[0m [1;30mLevel 5[0m set package 'lio_sam' build argument 'cmake_target_skip_unavailable' from command line to 'False'
[0.166s] [34mcolcon.colcon_core.verb[0m [1;30mLevel 5[0m set package 'lio_sam' build argument 'cmake_clean_cache' from command line to 'False'
[0.166s] [34mcolcon.colcon_core.verb[0m [1;30mLevel 5[0m set package 'lio_sam' build argument 'cmake_clean_first' from command line to 'False'
[0.166s] [34mcolcon.colcon_core.verb[0m [1;30mLevel 5[0m set package 'lio_sam' build argument 'cmake_force_configure' from command line to 'False'
[0.166s] [34mcolcon.colcon_core.verb[0m [1;30mLevel 5[0m set package 'lio_sam' build argument 'ament_cmake_args' from command line to 'None'
[0.166s] [34mcolcon.colcon_core.verb[0m [1;30mLevel 5[0m set package 'lio_sam' build argument 'catkin_cmake_args' from command line to 'None'
[0.166s] [34mcolcon.colcon_core.verb[0m [1;30mLevel 5[0m set package 'lio_sam' build argument 'catkin_skip_building_tests' from command line to 'False'
[0.166s] [34mcolcon.colcon_core.verb[0m [1;30mDEBUG[0m [32mBuilding package 'lio_sam' with the following arguments: {'ament_cmake_args': None, 'build_base': '/root/code/ros2_ws/build/lio_sam', 'catkin_cmake_args': None, 'catkin_skip_building_tests': False, 'cmake_args': None, 'cmake_clean_cache': False, 'cmake_clean_first': False, 'cmake_force_configure': False, 'cmake_target': None, 'cmake_target_skip_unavailable': False, 'install_base': '/root/code/ros2_ws/install/lio_sam', 'merge_install': False, 'path': '/root/code/ros2_ws/src/LIO-SAM-ROS2-REFACTORING', 'symlink_install': False, 'test_result_base': None}[0m
[0.166s] [34mcolcon.colcon_core.executor[0m [1;30mINFO[0m Executing jobs using 'sequential' executor
[0.167s] [34mcolcon.colcon_core.executor.sequential[0m [1;30mDEBUG[0m [32mrun_until_complete 'GSImageSampler'[0m
[0.167s] [34mcolcon.colcon_ros.task.ament_python.build[0m [1;30mINFO[0m Building ROS package in '/root/code/ros2_ws/src/GSImageSampler' with build type 'ament_python'
[0.167s] [34mcolcon.colcon_core.shell[0m [1;30mLevel 1[0m create_environment_hook('GSImageSampler', 'ament_prefix_path')
[0.168s] [34mcolcon.colcon_core.plugin_system[0m [1;30mINFO[0m Skipping extension 'colcon_core.shell.bat': Not used on non-Windows systems
[0.168s] [34mcolcon.colcon_core.shell[0m [1;30mINFO[0m Creating environment descriptor '/root/code/ros2_ws/install/GSImageSampler/share/GSImageSampler/hook/ament_prefix_path.dsv'
[0.168s] [34mcolcon.colcon_core.shell[0m [1;30mINFO[0m Creating environment hook '/root/code/ros2_ws/install/GSImageSampler/share/GSImageSampler/hook/ament_prefix_path.sh'
[0.169s] [34mcolcon.colcon_core.shell[0m [1;30mDEBUG[0m [32mSkip shell extension 'dsv' for command environment[0m
[0.169s] [34mcolcon.colcon_ros.prefix_path.catkin[0m [1;30mWARNING[0m [33mThe path '/root/code/ros2_ws/install/lio_sam' in the environment variable CMAKE_PREFIX_PATH doesn't exist[0m
[0.553s] [34mcolcon.colcon_core.task.python.build[0m [1;30mINFO[0m Building Python package in '/root/code/ros2_ws/src/GSImageSampler'
[0.554s] [34mcolcon.colcon_core.shell[0m [1;30mDEBUG[0m [32mSkip shell extension 'dsv' for command environment[0m
[1.052s] [34mcolcon.colcon_core.event_handler.log_command[0m [1;30mDEBUG[0m [32mInvoking command in '/root/code/ros2_ws/src/GSImageSampler': CONDA_ENV_SHLVL_2_PIXI_PROMPT=(gs:ros) PIXI_PROMPT=(gs:ros) PYTHONPATH=/root/code/ros2_ws/build/GSImageSampler/prefix_override:/root/code/.pixi/envs/ros/lib/python3.10/site-packages/colcon_core/task/python/colcon_distutils_commands:/root/code/ros2_ws/install/GSImageSampler/lib/python3.10/site-packages:${PYTHONPATH} /root/code/.pixi/envs/ros/bin/python3.10 -W ignore:setup.py install is deprecated -W ignore:easy_install command is deprecated setup.py egg_info --egg-base ../../build/GSImageSampler build --build-base /root/code/ros2_ws/build/GSImageSampler/build install --record /root/code/ros2_ws/build/GSImageSampler/install.log --single-version-externally-managed install_data[0m
[1.841s] [34mcolcon.colcon_core.executor.sequential[0m [1;30mDEBUG[0m [32mrun_until_complete 'GSImageSampler' finished with '1'[0m
[1.841s] [34mcolcon.colcon_core.executor.sequential[0m [1;30mDEBUG[0m [32mclosing loop[0m
[1.841s] [34mcolcon.colcon_core.executor.sequential[0m [1;30mDEBUG[0m [32mloop closed[0m
[1.841s] [34mcolcon.colcon_core.event_reactor[0m [1;30mDEBUG[0m [32mjoining thread[0m
[1.841s] [34mcolcon.colcon_core.event_handler.log_command[0m [1;30mDEBUG[0m [32mInvoked command in '/root/code/ros2_ws/src/GSImageSampler' returned '1': CONDA_ENV_SHLVL_2_PIXI_PROMPT=(gs:ros) PIXI_PROMPT=(gs:ros) PYTHONPATH=/root/code/ros2_ws/build/GSImageSampler/prefix_override:/root/code/.pixi/envs/ros/lib/python3.10/site-packages/colcon_core/task/python/colcon_distutils_commands:/root/code/ros2_ws/install/GSImageSampler/lib/python3.10/site-packages:${PYTHONPATH} /root/code/.pixi/envs/ros/bin/python3.10 -W ignore:setup.py install is deprecated -W ignore:easy_install command is deprecated setup.py egg_info --egg-base ../../build/GSImageSampler build --build-base /root/code/ros2_ws/build/GSImageSampler/build install --record /root/code/ros2_ws/build/GSImageSampler/install.log --single-version-externally-managed install_data[0m
[1.842s] [34mcolcon.colcon_core.event_reactor[0m [1;30mDEBUG[0m [32mjoined thread[0m
[1.842s] [34mcolcon.colcon_core.shell[0m [1;30mINFO[0m Creating prefix script '/root/code/ros2_ws/install/local_setup.sh'
[1.842s] [34mcolcon.colcon_core.shell[0m [1;30mINFO[0m Creating prefix util module '/root/code/ros2_ws/install/_local_setup_util_sh.py'
[1.843s] [34mcolcon.colcon_core.shell[0m [1;30mINFO[0m Creating prefix chain script '/root/code/ros2_ws/install/setup.sh'
